<?xml version="1.0" encoding="UTF-8"?>
<testng-results skipped="0" failed="0" total="1" passed="1">
  <reporter-output>
  </reporter-output>
  <suite name="Surefire suite" duration-ms="1581" started-at="2015-05-13T00:46:54Z" finished-at="2015-05-13T00:46:55Z">
    <groups>
    </groups>
    <test name="Surefire test" duration-ms="1581" started-at="2015-05-13T00:46:54Z" finished-at="2015-05-13T00:46:55Z">
      <class name="br.com.circuloperfeito.dukemovie.dukemovie.js.JsInteractionTest">
        <test-method status="PASS" signature="initializeJSEngine()[pri:0, instance:br.com.circuloperfeito.dukemovie.dukemovie.js.JsInteractionTest@3834d63f]" name="initializeJSEngine" is-config="true" duration-ms="1343" started-at="2015-05-12T21:46:54Z" finished-at="2015-05-12T21:46:55Z">
          <reporter-output>
          </reporter-output>
        </test-method> <!-- initializeJSEngine -->
        <test-method status="PASS" signature="testCallbackFromJavaScript()[pri:0, instance:br.com.circuloperfeito.dukemovie.dukemovie.js.JsInteractionTest@3834d63f]" name="testCallbackFromJavaScript" duration-ms="214" started-at="2015-05-12T21:46:55Z" finished-at="2015-05-12T21:46:55Z">
          <reporter-output>
          </reporter-output>
        </test-method> <!-- testCallbackFromJavaScript -->
        <test-method status="PASS" signature="shutdownJSEngine()[pri:0, instance:br.com.circuloperfeito.dukemovie.dukemovie.js.JsInteractionTest@3834d63f]" name="shutdownJSEngine" is-config="true" duration-ms="0" started-at="2015-05-12T21:46:55Z" finished-at="2015-05-12T21:46:55Z">
          <reporter-output>
          </reporter-output>
        </test-method> <!-- shutdownJSEngine -->
      </class> <!-- br.com.circuloperfeito.dukemovie.dukemovie.js.JsInteractionTest -->
    </test> <!-- Surefire test -->
  </suite> <!-- Surefire suite -->
</testng-results>
